
--------------------------------------------------------------------------------------------
Время отправки: 2020-09-26 23:52:25
Адресат отправки miha@mih.com
****************
Заголовок письма: На сайте добавлена новая запись: Тестовая статья дополнительно
  Содержимое письма:  Новая статья: Тестовая статья дополнительно
Sed ut perspiciatis, unde omnis iste natus error sit voluptatem accusantium doloremque laudantium, totam rem aperiam eaque ipsa, quae ab illo inventore veritatis et quasi architecto beatae vitae dicta sunt, explicabo. Nemo enim ipsam voluptatem, quia voluptas sit, aspernatur aut odit aut fugit, sed quia consequuntur magni dolores eos, qui ratione voluptatem sequi nesciunt, neque porro quisquam est...
Читать: http://blogpost/post/10

Отписаться: http://blogpost/?email=MzdhZDc2MTg3YjRhMzg0OAWcXF88Wfi+2UXUuBCzUrKp7U77vB6fe8VMSxR0L3axl9Yd0R2F0I41BVAIuhN2Hw==&unsubscribe=yes

--------------------------------------------------------------------------------------------
Время отправки: 2020-09-26 23:52:25
Адресат отправки miha1914@mih.com
****************
Заголовок письма: На сайте добавлена новая запись: Тестовая статья дополнительно
  Содержимое письма:  Новая статья: Тестовая статья дополнительно
Sed ut perspiciatis, unde omnis iste natus error sit voluptatem accusantium doloremque laudantium, totam rem aperiam eaque ipsa, quae ab illo inventore veritatis et quasi architecto beatae vitae dicta sunt, explicabo. Nemo enim ipsam voluptatem, quia voluptas sit, aspernatur aut odit aut fugit, sed quia consequuntur magni dolores eos, qui ratione voluptatem sequi nesciunt, neque porro quisquam est...
Читать: http://blogpost/post/10

Отписаться: http://blogpost/?email=MzdhZDc2MTg3YjRhMzg0OMMvrL87ywN59PXXIgd+HHxZjOfERtrov9wl1Q0HYopNN01jHr824/EN4bVBL7GzkX66P3XdPMC4dYpEnEWlXOc=&unsubscribe=yes

--------------------------------------------------------------------------------------------
Время отправки: 2020-09-30 03:44:05
Адресат отправки miha@mih.com
****************
Заголовок письма: На сайте добавлена новая запись: Новая статья на портале BlogPost
  Содержимое письма:  Новая статья: Новая статья на портале BlogPost
Sed ut perspiciatis, unde omnis iste natus error sit voluptatem accusantium doloremque laudantium, totam rem aperiam eaque ipsa, quae ab illo inventore veritatis et quasi architecto beatae vitae dicta sunt, explicabo. Nemo enim ipsam voluptatem, quia voluptas sit, aspernatur aut odit aut fugit, sed quia consequuntur magni dolores eos, qui ratione voluptatem sequi nesciunt, neque porro quisquam est...
Читать: http://blogpost/post/11

Отписаться: http://blogpost/?email=MzdhZDc2MTg3YjRhMzg0OAWcXF88Wfi+2UXUuBCzUrKp7U77vB6fe8VMSxR0L3axl9Yd0R2F0I41BVAIuhN2Hw==&unsubscribe=yes

--------------------------------------------------------------------------------------------
Время отправки: 2020-09-30 03:44:05
Адресат отправки miha1914@mih.com
****************
Заголовок письма: На сайте добавлена новая запись: Новая статья на портале BlogPost
  Содержимое письма:  Новая статья: Новая статья на портале BlogPost
Sed ut perspiciatis, unde omnis iste natus error sit voluptatem accusantium doloremque laudantium, totam rem aperiam eaque ipsa, quae ab illo inventore veritatis et quasi architecto beatae vitae dicta sunt, explicabo. Nemo enim ipsam voluptatem, quia voluptas sit, aspernatur aut odit aut fugit, sed quia consequuntur magni dolores eos, qui ratione voluptatem sequi nesciunt, neque porro quisquam est...
Читать: http://blogpost/post/11

Отписаться: http://blogpost/?email=MzdhZDc2MTg3YjRhMzg0OMMvrL87ywN59PXXIgd+HHxZjOfERtrov9wl1Q0HYopNN01jHr824/EN4bVBL7GzkX66P3XdPMC4dYpEnEWlXOc=&unsubscribe=yes

--------------------------------------------------------------------------------------------
Время отправки: 2020-09-30 03:44:05
Адресат отправки strong@hold.tomsk.ru
****************
Заголовок письма: На сайте добавлена новая запись: Новая статья на портале BlogPost
  Содержимое письма:  Новая статья: Новая статья на портале BlogPost
Sed ut perspiciatis, unde omnis iste natus error sit voluptatem accusantium doloremque laudantium, totam rem aperiam eaque ipsa, quae ab illo inventore veritatis et quasi architecto beatae vitae dicta sunt, explicabo. Nemo enim ipsam voluptatem, quia voluptas sit, aspernatur aut odit aut fugit, sed quia consequuntur magni dolores eos, qui ratione voluptatem sequi nesciunt, neque porro quisquam est...
Читать: http://blogpost/post/11

Отписаться: http://blogpost/?email=MzdhZDc2MTg3YjRhMzg0OFFqDs9zBe+s4i+ky4zvTFO5lJ74VxhrdBq0xjpQrSkjKlTugYkHYdhd6h/nNGZAraImFWXhDKa6KNmEIUVe+Zo=&unsubscribe=yes

--------------------------------------------------------------------------------------------
Время отправки: 2020-09-30 04:21:19
Адресат отправки miha@mih.com
****************
Заголовок письма: На сайте добавлена новая запись: Супер новая при новая статья
  Содержимое письма:  Новая статья: Супер новая при новая статья
Sed ut perspiciatis, unde omnis iste natus error sit voluptatem accusantium doloremque laudantium, totam rem aperiam eaque ipsa, quae ab illo inventore veritatis et quasi architecto beatae vitae dicta sunt, explicabo. Nemo enim ipsam voluptatem, quia voluptas sit, aspernatur aut odit aut fugit, sed quia consequuntur magni dolores eos, qui ratione voluptatem sequi nesciunt, neque porro quisquam est...
Читать: http://blogpost/post/12

Отписаться: http://blogpost/?email=&unsubscribe=yes

--------------------------------------------------------------------------------------------
Время отправки: 2020-09-30 04:21:21
Адресат отправки miha1914@mih.com
****************
Заголовок письма: На сайте добавлена новая запись: Супер новая при новая статья
  Содержимое письма:  Новая статья: Супер новая при новая статья
Sed ut perspiciatis, unde omnis iste natus error sit voluptatem accusantium doloremque laudantium, totam rem aperiam eaque ipsa, quae ab illo inventore veritatis et quasi architecto beatae vitae dicta sunt, explicabo. Nemo enim ipsam voluptatem, quia voluptas sit, aspernatur aut odit aut fugit, sed quia consequuntur magni dolores eos, qui ratione voluptatem sequi nesciunt, neque porro quisquam est...
Читать: http://blogpost/post/12

Отписаться: http://blogpost/?email=&unsubscribe=yes

--------------------------------------------------------------------------------------------
Время отправки: 2020-09-30 04:21:23
Адресат отправки nikky@mail.ru
****************
Заголовок письма: На сайте добавлена новая запись: Супер новая при новая статья
  Содержимое письма:  Новая статья: Супер новая при новая статья
Sed ut perspiciatis, unde omnis iste natus error sit voluptatem accusantium doloremque laudantium, totam rem aperiam eaque ipsa, quae ab illo inventore veritatis et quasi architecto beatae vitae dicta sunt, explicabo. Nemo enim ipsam voluptatem, quia voluptas sit, aspernatur aut odit aut fugit, sed quia consequuntur magni dolores eos, qui ratione voluptatem sequi nesciunt, neque porro quisquam est...
Читать: http://blogpost/post/12

Отписаться: http://blogpost/?email=&unsubscribe=yes

--------------------------------------------------------------------------------------------
Время отправки: 2020-09-30 04:21:25
Адресат отправки kir@mail.ru
****************
Заголовок письма: На сайте добавлена новая запись: Супер новая при новая статья
  Содержимое письма:  Новая статья: Супер новая при новая статья
Sed ut perspiciatis, unde omnis iste natus error sit voluptatem accusantium doloremque laudantium, totam rem aperiam eaque ipsa, quae ab illo inventore veritatis et quasi architecto beatae vitae dicta sunt, explicabo. Nemo enim ipsam voluptatem, quia voluptas sit, aspernatur aut odit aut fugit, sed quia consequuntur magni dolores eos, qui ratione voluptatem sequi nesciunt, neque porro quisquam est...
Читать: http://blogpost/post/12

Отписаться: http://blogpost/?email=&unsubscribe=yes

--------------------------------------------------------------------------------------------
Время отправки: 2020-09-30 04:24:04
Адресат отправки miha@mih.com
****************
Заголовок письма: На сайте добавлена новая запись: Новая приновая статья
  Содержимое письма:  Новая статья: Новая приновая статья
Sed ut perspiciatis, unde omnis iste natus error sit voluptatem accusantium doloremque laudantium, totam rem aperiam eaque ipsa, quae ab illo inventore veritatis et quasi architecto beatae vitae dicta sunt, explicabo. Nemo enim ipsam voluptatem, quia voluptas sit, aspernatur aut odit aut fugit, sed quia consequuntur magni dolores eos, qui ratione voluptatem sequi nesciunt, neque porro quisquam est...
Читать: http://blogpost/post/13

Отписаться: http://blogpost/?email=MzdhZDc2MTg3YjRhMzg0OAWcXF88Wfi+2UXUuBCzUrKp7U77vB6fe8VMSxR0L3axl9Yd0R2F0I41BVAIuhN2Hw==&unsubscribe=yes

--------------------------------------------------------------------------------------------
Время отправки: 2020-09-30 04:24:04
Адресат отправки miha1914@mih.com
****************
Заголовок письма: На сайте добавлена новая запись: Новая приновая статья
  Содержимое письма:  Новая статья: Новая приновая статья
Sed ut perspiciatis, unde omnis iste natus error sit voluptatem accusantium doloremque laudantium, totam rem aperiam eaque ipsa, quae ab illo inventore veritatis et quasi architecto beatae vitae dicta sunt, explicabo. Nemo enim ipsam voluptatem, quia voluptas sit, aspernatur aut odit aut fugit, sed quia consequuntur magni dolores eos, qui ratione voluptatem sequi nesciunt, neque porro quisquam est...
Читать: http://blogpost/post/13

Отписаться: http://blogpost/?email=MzdhZDc2MTg3YjRhMzg0OMMvrL87ywN59PXXIgd+HHxZjOfERtrov9wl1Q0HYopNN01jHr824/EN4bVBL7GzkX66P3XdPMC4dYpEnEWlXOc=&unsubscribe=yes

--------------------------------------------------------------------------------------------
Время отправки: 2020-09-30 04:24:04
Адресат отправки nikky@mail.ru
****************
Заголовок письма: На сайте добавлена новая запись: Новая приновая статья
  Содержимое письма:  Новая статья: Новая приновая статья
Sed ut perspiciatis, unde omnis iste natus error sit voluptatem accusantium doloremque laudantium, totam rem aperiam eaque ipsa, quae ab illo inventore veritatis et quasi architecto beatae vitae dicta sunt, explicabo. Nemo enim ipsam voluptatem, quia voluptas sit, aspernatur aut odit aut fugit, sed quia consequuntur magni dolores eos, qui ratione voluptatem sequi nesciunt, neque porro quisquam est...
Читать: http://blogpost/post/13

Отписаться: http://blogpost/?email=MzdhZDc2MTg3YjRhMzg0OI+cUy566RTt2HrZnbezRL9jzR1GHAv1WqLpj/TDwaqwJ11STa57hhTxnNiv8h82Kw==&unsubscribe=yes

--------------------------------------------------------------------------------------------
Время отправки: 2020-09-30 04:24:04
Адресат отправки kir@mail.ru
****************
Заголовок письма: На сайте добавлена новая запись: Новая приновая статья
  Содержимое письма:  Новая статья: Новая приновая статья
Sed ut perspiciatis, unde omnis iste natus error sit voluptatem accusantium doloremque laudantium, totam rem aperiam eaque ipsa, quae ab illo inventore veritatis et quasi architecto beatae vitae dicta sunt, explicabo. Nemo enim ipsam voluptatem, quia voluptas sit, aspernatur aut odit aut fugit, sed quia consequuntur magni dolores eos, qui ratione voluptatem sequi nesciunt, neque porro quisquam est...
Читать: http://blogpost/post/13

Отписаться: http://blogpost/?email=MzdhZDc2MTg3YjRhMzg0OCL8Sxp9fqTCInPcMx3SXejSS8pCCw9nUvZz5C/rX6zUordj0GTCtBFOeP6daZ7j0Q==&unsubscribe=yes